2023-09-21 16:20:40 -  - exec CUpdateClientPartner::SearchModulesEx
2023-09-21 16:20:40 -  - exec CUpdateClientPartner::__CollectRequestData
2023-09-21 16:20:40 -  - utf=Y&lang=ru&stable=Y&CANGZIP=Y&SUPD_DBS=MYSQL&XE=N&CLIENT_SITE=btx.karaev&LICENSE_KEY=X&SUPD_STS=1&SUPD_URS=1&TYPENC=D&CLIENT_PHPVER=8.1.20&NGINX=Y&dbv=5.7.43&instm=main%2C23.300.100%2CY%3Brest%2C23.100.0%2CN%3Bblog%2C22.0.0%2CN%3Biblock%2C23.100.0%2CN%3Bforum%2C23.0.0%2CN%3Bsocialservices%2C22.200.400%2CN%3Bworkflow%2C21.0.0%2CN%3Bsearch%2C22.100.0%2CN%3Bconversion%2C22.0.0%2CN%3Bsale%2C23.200.0%2CN%3Bidea%2C21.0.0%2CN%3Bfileman%2C22.300.0%2CN%3Bcatalog%2C23.100.0%2CN%3Bform%2C22.0.0%2CN%3Bvote%2C23.0.0%2CN%3Bcurrency%2C22.500.0%2CN%3Bbitrix.sitecommunity%2C15.5.0%2CN%3Bwebservice%2C21.0.0%2CN%3Bwiki%2C23.0.0%2CN%3Bcalendar%2C23.200.100%2CN%3Bbitrix.eshop%2C22.100.0%2CN%3Blocation%2C23.0.0%2CN%3Bbitrix.siteinfoportal%2C15.5.0%2CN%3Bsupport%2C23.0.0%2CN%3Bsecurity%2C21.300.0%2CN%3Bb24connector%2C22.0.0%2CN%3Bphotogallery%2C22.0.200%2CN%3Breport%2C23.0.0%2CN%3Bim%2C23.400.0%2CN%3Bmobileapp%2C23.0.0%2CN%3Blists%2C23.100.0%2CN%3Bperfmon%2C21.0.0%2CN%3Blanding%2C23.600.100%2CN%3Bpull%2C23.100.0%2CN%3Bmail%2C22.800.100%2CN%3Bstoreassist%2C21.0.0%2CN%3Blearning%2C22.0.0%2CN%3Babtest%2C21.0.0%2CN%3Bscale%2C21.0.0%2CN%3Bsubscribe%2C21.0.0%2CN%3Bhighloadblock%2C22.200.0%2CN%3Bseo%2C23.200.0%2CN%3Bmessageservice%2C23.0.0%2CN%3Bstatistic%2C22.0.0%2CN%3Bbitrixcloud%2C22.100.0%2CN%3Bsocialnetwork%2C23.100.0%2CN%3Bbitrix.sitecorporate%2C15.5.0%2CN%3Bui%2C22.1600.0%2CN%3Bsender%2C23.0.0%2CN%3Bbitrix.sitepersonal%2C15.5.0%2CN%3Bbizprocdesigner%2C23.100.0%2CN%3Badvertising%2C21.100.0%2CN%3Bbizproc%2C23.200.100%2CN%3Bclouds%2C23.0.0%2CN%3Btranslate%2C23.200.0%2CN&search_module_id=&search_module=&search_category=7%2C14&search_type=&search_order=DESC&search_order_by=SORT&search_page=1&SUPD_SRS=RU&SUPD_CMP=N
2023-09-21 16:20:40 -  - exec CUpdateClientPartner::GetHTTPPage
2023-09-21 16:20:41 -  - TIME SearchModulesEx(request) 0.441 sec
2023-09-21 16:20:41 -  - exec CUpdateClientPartner::ParseServerData
2023-09-21 16:21:56 -  - exec CUpdateClientPartner::LoadModulesUpdates
2023-09-21 16:21:56 -  - exec CUpdateClientPartner::__CollectRequestData
2023-09-21 16:21:56 -  - utf=Y&lang=ru&stable=Y&CANGZIP=Y&SUPD_DBS=MYSQL&XE=N&CLIENT_SITE=btx.karaev&LICENSE_KEY=X&SUPD_STS=1&SUPD_URS=1&TYPENC=D&CLIENT_PHPVER=8.1.20&NGINX=Y&dbv=5.7.43&instm=main%2C23.300.100%2CY%3Brest%2C23.100.0%2CN%3Bblog%2C22.0.0%2CN%3Biblock%2C23.100.0%2CN%3Bforum%2C23.0.0%2CN%3Bsocialservices%2C22.200.400%2CN%3Bworkflow%2C21.0.0%2CN%3Bsearch%2C22.100.0%2CN%3Bconversion%2C22.0.0%2CN%3Bsale%2C23.200.0%2CN%3Bidea%2C21.0.0%2CN%3Bfileman%2C22.300.0%2CN%3Bcatalog%2C23.100.0%2CN%3Bform%2C22.0.0%2CN%3Bvote%2C23.0.0%2CN%3Bcurrency%2C22.500.0%2CN%3Bbitrix.sitecommunity%2C15.5.0%2CN%3Bwebservice%2C21.0.0%2CN%3Bwiki%2C23.0.0%2CN%3Bcalendar%2C23.200.100%2CN%3Bbitrix.eshop%2C22.100.0%2CN%3Blocation%2C23.0.0%2CN%3Bbitrix.siteinfoportal%2C15.5.0%2CN%3Bsupport%2C23.0.0%2CN%3Bsecurity%2C21.300.0%2CN%3Bb24connector%2C22.0.0%2CN%3Bphotogallery%2C22.0.200%2CN%3Breport%2C23.0.0%2CN%3Bim%2C23.400.0%2CN%3Bmobileapp%2C23.0.0%2CN%3Blists%2C23.100.0%2CN%3Bperfmon%2C21.0.0%2CN%3Blanding%2C23.600.100%2CN%3Bpull%2C23.100.0%2CN%3Bmail%2C22.800.100%2CN%3Bstoreassist%2C21.0.0%2CN%3Blearning%2C22.0.0%2CN%3Babtest%2C21.0.0%2CN%3Bscale%2C21.0.0%2CN%3Bsubscribe%2C21.0.0%2CN%3Bhighloadblock%2C22.200.0%2CN%3Bseo%2C23.200.0%2CN%3Bmessageservice%2C23.0.0%2CN%3Bstatistic%2C22.0.0%2CN%3Bbitrixcloud%2C22.100.0%2CN%3Bsocialnetwork%2C23.100.0%2CN%3Bbitrix.sitecorporate%2C15.5.0%2CN%3Bui%2C22.1600.0%2CN%3Bsender%2C23.0.0%2CN%3Bbitrix.sitepersonal%2C15.5.0%2CN%3Bbizprocdesigner%2C23.100.0%2CN%3Badvertising%2C21.100.0%2CN%3Bbizproc%2C23.200.100%2CN%3Bclouds%2C23.0.0%2CN%3Btranslate%2C23.200.0%2CN&reqm=nsandrey.emptyinstall&lim=Y&SUPD_SRS=RU&SUPD_CMP=N
2023-09-21 16:21:56 -  - exec CUpdateClientPartner::GetHTTPPage
2023-09-21 16:21:57 -  - TIME LoadModulesUpdates(request) 0.122 sec
2023-09-21 16:21:57 -  - exec CUpdateClientPartner::ParseServerData
2023-09-21 16:21:57 - S - STEP
2023-09-21 16:21:57 - LM4W01 - loadModule4Wizard-Step
2023-09-21 16:21:57 -  - exec CUpdateClientPartner::LoadModulesUpdates
2023-09-21 16:21:57 -  - exec CUpdateClientPartner::ParseServerData
2023-09-21 16:21:57 -  - loadFile
2023-09-21 16:21:57 - U - RETURN
2023-09-21 16:21:57 -  - exec CUpdateClientPartner::UnGzipArchive
2023-09-21 16:21:57 -  - TIME UnGzipArchive 0.004 sec
2023-09-21 16:21:57 -  - TIME UpdateStepModules 0.006 sec
2023-09-21 16:21:57 -  - exec CUpdateClientPartner::LoadModulesUpdates
2023-09-21 16:21:57 -  - exec CUpdateClientPartner::__CollectRequestData
2023-09-21 16:21:57 -  - utf=Y&lang=ru&stable=Y&CANGZIP=Y&SUPD_DBS=MYSQL&XE=N&CLIENT_SITE=btx.karaev&LICENSE_KEY=X&SUPD_STS=1&SUPD_URS=1&TYPENC=D&CLIENT_PHPVER=8.1.20&NGINX=Y&dbv=5.7.43&instm=main%2C23.300.100%2CY%3Brest%2C23.100.0%2CN%3Bblog%2C22.0.0%2CN%3Biblock%2C23.100.0%2CN%3Bforum%2C23.0.0%2CN%3Bsocialservices%2C22.200.400%2CN%3Bworkflow%2C21.0.0%2CN%3Bsearch%2C22.100.0%2CN%3Bconversion%2C22.0.0%2CN%3Bsale%2C23.200.0%2CN%3Bidea%2C21.0.0%2CN%3Bfileman%2C22.300.0%2CN%3Bcatalog%2C23.100.0%2CN%3Bform%2C22.0.0%2CN%3Bvote%2C23.0.0%2CN%3Bcurrency%2C22.500.0%2CN%3Bbitrix.sitecommunity%2C15.5.0%2CN%3Bwebservice%2C21.0.0%2CN%3Bwiki%2C23.0.0%2CN%3Bcalendar%2C23.200.100%2CN%3Bbitrix.eshop%2C22.100.0%2CN%3Blocation%2C23.0.0%2CN%3Bbitrix.siteinfoportal%2C15.5.0%2CN%3Bsupport%2C23.0.0%2CN%3Bsecurity%2C21.300.0%2CN%3Bb24connector%2C22.0.0%2CN%3Bphotogallery%2C22.0.200%2CN%3Breport%2C23.0.0%2CN%3Bim%2C23.400.0%2CN%3Bmobileapp%2C23.0.0%2CN%3Blists%2C23.100.0%2CN%3Bperfmon%2C21.0.0%2CN%3Blanding%2C23.600.100%2CN%3Bpull%2C23.100.0%2CN%3Bmail%2C22.800.100%2CN%3Bstoreassist%2C21.0.0%2CN%3Blearning%2C22.0.0%2CN%3Babtest%2C21.0.0%2CN%3Bscale%2C21.0.0%2CN%3Bsubscribe%2C21.0.0%2CN%3Bhighloadblock%2C22.200.0%2CN%3Bseo%2C23.200.0%2CN%3Bmessageservice%2C23.0.0%2CN%3Bnsandrey.emptyinstall%2C1.0.5%2CN%3Bstatistic%2C22.0.0%2CN%3Bbitrixcloud%2C22.100.0%2CN%3Bsocialnetwork%2C23.100.0%2CN%3Bbitrix.sitecorporate%2C15.5.0%2CN%3Bui%2C22.1600.0%2CN%3Bsender%2C23.0.0%2CN%3Bbitrix.sitepersonal%2C15.5.0%2CN%3Bbizprocdesigner%2C23.100.0%2CN%3Badvertising%2C21.100.0%2CN%3Bbizproc%2C23.200.100%2CN%3Bclouds%2C23.0.0%2CN%3Btranslate%2C23.200.0%2CN&reqm=nsandrey.emptyinstall&lim=Y&SUPD_SRS=RU&SUPD_CMP=N
2023-09-21 16:21:57 -  - exec CUpdateClientPartner::GetHTTPPage
2023-09-21 16:21:57 -  - TIME LoadModulesUpdates(request) 0.134 sec
2023-09-21 16:21:57 -  - exec CUpdateClientPartner::ParseServerData
2023-09-21 16:21:57 - STEP - Finish - NOUPDATES
2023-09-21 16:21:57 - LM4W03 - Finish - NOUPDATES
2023-09-21 16:24:29 -  - exec CUpdateClientPartner::__CollectRequestData
2023-09-21 16:24:29 -  - exec CUpdateClientPartner::GetHTTPPage
2023-09-21 16:24:29 -  - exec CUpdateClientPartner::ParseServerData
2023-09-21 16:24:29 -  - exec CUpdateClientPartner::GetUpdatesList
2023-09-21 16:24:29 -  - exec CUpdateClientPartner::__CollectRequestData
2023-09-21 16:24:29 -  - utf=Y&lang=ru&stable=Y&CANGZIP=Y&SUPD_DBS=MYSQL&XE=N&CLIENT_SITE=btx.karaev&LICENSE_KEY=X&SUPD_STS=1&SUPD_URS=1&TYPENC=D&CLIENT_PHPVER=8.1.20&NGINX=Y&dbv=5.7.43&instm=main%2C23.300.100%2CY%3Brest%2C23.100.0%2CN%3Bblog%2C22.0.0%2CN%3Biblock%2C23.100.0%2CN%3Bforum%2C23.0.0%2CN%3Bsocialservices%2C22.200.400%2CN%3Bworkflow%2C21.0.0%2CN%3Bsearch%2C22.100.0%2CN%3Bconversion%2C22.0.0%2CN%3Bsale%2C23.200.0%2CN%3Bidea%2C21.0.0%2CN%3Bfileman%2C22.300.0%2CN%3Bcatalog%2C23.100.0%2CN%3Bform%2C22.0.0%2CN%3Bvote%2C23.0.0%2CN%3Bcurrency%2C22.500.0%2CN%3Bbitrix.sitecommunity%2C15.5.0%2CN%3Bwebservice%2C21.0.0%2CN%3Bwiki%2C23.0.0%2CN%3Bcalendar%2C23.200.100%2CN%3Bbitrix.eshop%2C22.100.0%2CN%3Blocation%2C23.0.0%2CN%3Bbitrix.siteinfoportal%2C15.5.0%2CN%3Bsupport%2C23.0.0%2CN%3Bsecurity%2C21.300.0%2CN%3Bb24connector%2C22.0.0%2CN%3Bphotogallery%2C22.0.200%2CN%3Breport%2C23.0.0%2CN%3Bim%2C23.400.0%2CN%3Bmobileapp%2C23.0.0%2CN%3Blists%2C23.100.0%2CN%3Bperfmon%2C21.0.0%2CN%3Blanding%2C23.600.100%2CN%3Bpull%2C23.100.0%2CN%3Bmail%2C22.800.100%2CN%3Bstoreassist%2C21.0.0%2CN%3Blearning%2C22.0.0%2CN%3Babtest%2C21.0.0%2CN%3Bscale%2C21.0.0%2CN%3Bsubscribe%2C21.0.0%2CN%3Bhighloadblock%2C22.200.0%2CN%3Bseo%2C23.200.0%2CN%3Bmessageservice%2C23.0.0%2CN%3Bnsandrey.emptyinstall%2C1.0.5%2CN%3Bstatistic%2C22.0.0%2CN%3Bbitrixcloud%2C22.100.0%2CN%3Bsocialnetwork%2C23.100.0%2CN%3Bbitrix.sitecorporate%2C15.5.0%2CN%3Bui%2C22.1600.0%2CN%3Bsender%2C23.0.0%2CN%3Bbitrix.sitepersonal%2C15.5.0%2CN%3Bbizprocdesigner%2C23.100.0%2CN%3Badvertising%2C21.100.0%2CN%3Bbizproc%2C23.200.100%2CN%3Bclouds%2C23.0.0%2CN%3Btranslate%2C23.200.0%2CN&reqm=bitrix.sitecommunity%2Cbitrix.eshop%2Cbitrix.siteinfoportal%2Cnsandrey.emptyinstall%2Cbitrix.sitecorporate%2Cbitrix.sitepersonal&fullmoduleinfo=Y&SUPD_SRS=RU&SUPD_CMP=N
2023-09-21 16:24:29 -  - exec CUpdateClientPartner::GetHTTPPage
2023-09-21 16:24:29 -  - TIME GetUpdatesList(request) 0.113 sec
2023-09-21 16:24:29 -  - exec CUpdateClientPartner::ParseServerData
2023-09-21 16:24:29 -  - exec CUpdateClientPartner::__CollectRequestData
2023-09-21 16:24:29 -  - exec CUpdateClientPartner::GetHTTPPage
2023-09-21 16:24:30 -  - exec CUpdateClientPartner::ParseServerData
2023-09-22 16:25:11 -  - exec CUpdateClientPartner::__CollectRequestData
2023-09-22 16:25:11 -  - exec CUpdateClientPartner::GetHTTPPage
2023-09-22 16:25:11 -  - exec CUpdateClientPartner::ParseServerData
2023-09-22 16:25:11 -  - exec CUpdateClientPartner::GetUpdatesList
2023-09-22 16:25:11 -  - exec CUpdateClientPartner::__CollectRequestData
2023-09-22 16:25:11 -  - utf=Y&lang=ru&stable=Y&CANGZIP=Y&SUPD_DBS=MYSQL&XE=N&CLIENT_SITE=btx.karaev&LICENSE_KEY=X&SUPD_STS=1&SUPD_URS=1&TYPENC=D&CLIENT_PHPVER=8.1.20&NGINX=Y&dbv=5.7.43&instm=main%2C23.300.100%2CY%3Brest%2C23.100.0%2CN%3Bblog%2C22.0.0%2CN%3Biblock%2C23.100.0%2CN%3Bforum%2C23.0.0%2CN%3Bsocialservices%2C22.200.400%2CN%3Bworkflow%2C21.0.0%2CN%3Bsearch%2C22.100.0%2CN%3Bconversion%2C22.0.0%2CN%3Bsale%2C23.200.0%2CN%3Bidea%2C21.0.0%2CN%3Bfileman%2C22.300.0%2CN%3Bcatalog%2C23.100.0%2CN%3Bform%2C22.0.0%2CN%3Bvote%2C23.0.0%2CN%3Bcurrency%2C22.500.0%2CN%3Bbitrix.sitecommunity%2C15.5.0%2CN%3Bwebservice%2C21.0.0%2CN%3Bwiki%2C23.0.0%2CN%3Bcalendar%2C23.200.100%2CN%3Bbitrix.eshop%2C22.100.0%2CN%3Blocation%2C23.0.0%2CN%3Bbitrix.siteinfoportal%2C15.5.0%2CN%3Bsupport%2C23.0.0%2CN%3Bsecurity%2C21.300.0%2CN%3Bb24connector%2C22.0.0%2CN%3Bphotogallery%2C22.0.200%2CN%3Breport%2C23.0.0%2CN%3Bim%2C23.400.0%2CN%3Bmobileapp%2C23.0.0%2CN%3Blists%2C23.100.0%2CN%3Bperfmon%2C21.0.0%2CN%3Blanding%2C23.600.100%2CN%3Bpull%2C23.100.0%2CN%3Bmail%2C22.800.100%2CN%3Bstoreassist%2C21.0.0%2CN%3Blearning%2C22.0.0%2CN%3Babtest%2C21.0.0%2CN%3Bscale%2C21.0.0%2CN%3Bsubscribe%2C21.0.0%2CN%3Bhighloadblock%2C22.200.0%2CN%3Bseo%2C23.200.0%2CN%3Bmessageservice%2C23.0.0%2CN%3Bnsandrey.emptyinstall%2C1.0.5%2CN%3Bstatistic%2C22.0.0%2CN%3Bbitrixcloud%2C22.100.0%2CN%3Bsocialnetwork%2C23.100.0%2CN%3Bbitrix.sitecorporate%2C15.5.0%2CN%3Bui%2C22.1600.0%2CN%3Bsender%2C23.0.0%2CN%3Bbitrix.sitepersonal%2C15.5.0%2CN%3Bbizprocdesigner%2C23.100.0%2CN%3Badvertising%2C21.100.0%2CN%3Bbizproc%2C23.200.100%2CN%3Bclouds%2C23.0.0%2CN%3Btranslate%2C23.200.0%2CN&reqm=bitrix.sitecommunity%2Cbitrix.eshop%2Cbitrix.siteinfoportal%2Cnsandrey.emptyinstall%2Cbitrix.sitecorporate%2Cbitrix.sitepersonal&fullmoduleinfo=Y&SUPD_SRS=RU&SUPD_CMP=N
2023-09-22 16:25:11 -  - exec CUpdateClientPartner::GetHTTPPage
2023-09-22 16:25:11 -  - TIME GetUpdatesList(request) 0.122 sec
2023-09-22 16:25:11 -  - exec CUpdateClientPartner::ParseServerData
2023-09-22 16:25:11 -  - exec CUpdateClientPartner::__CollectRequestData
2023-09-22 16:25:11 -  - exec CUpdateClientPartner::GetHTTPPage
2023-09-22 16:25:11 -  - exec CUpdateClientPartner::ParseServerData
2023-09-25 08:39:56 -  - exec CUpdateClientPartner::__CollectRequestData
2023-09-25 08:39:56 -  - exec CUpdateClientPartner::GetHTTPPage
2023-09-25 08:39:56 -  - exec CUpdateClientPartner::ParseServerData
2023-09-25 08:39:56 -  - exec CUpdateClientPartner::GetUpdatesList
2023-09-25 08:39:56 -  - exec CUpdateClientPartner::__CollectRequestData
2023-09-25 08:39:56 -  - utf=Y&lang=ru&stable=Y&CANGZIP=Y&SUPD_DBS=MYSQL&XE=N&CLIENT_SITE=btx.karaev&LICENSE_KEY=X&SUPD_STS=1&SUPD_URS=1&TYPENC=D&CLIENT_PHPVER=8.1.20&NGINX=Y&dbv=5.7.43&instm=main%2C23.300.100%2CY%3Brest%2C23.100.0%2CN%3Bblog%2C22.0.0%2CN%3Biblock%2C23.100.0%2CN%3Bforum%2C23.0.0%2CN%3Bsocialservices%2C22.200.400%2CN%3Bworkflow%2C21.0.0%2CN%3Bsearch%2C22.100.0%2CN%3Bconversion%2C22.0.0%2CN%3Bsale%2C23.200.0%2CN%3Bidea%2C21.0.0%2CN%3Bfileman%2C22.300.0%2CN%3Bcatalog%2C23.100.0%2CN%3Bform%2C22.0.0%2CN%3Bvote%2C23.0.0%2CN%3Bcurrency%2C22.500.0%2CN%3Bbitrix.sitecommunity%2C15.5.0%2CN%3Bwebservice%2C21.0.0%2CN%3Bwiki%2C23.0.0%2CN%3Bcalendar%2C23.200.100%2CN%3Bbitrix.eshop%2C22.100.0%2CN%3Blocation%2C23.0.0%2CN%3Bbitrix.siteinfoportal%2C15.5.0%2CN%3Bsupport%2C23.0.0%2CN%3Bsecurity%2C21.300.0%2CN%3Bb24connector%2C22.0.0%2CN%3Bphotogallery%2C22.0.200%2CN%3Breport%2C23.0.0%2CN%3Bim%2C23.400.0%2CN%3Bmobileapp%2C23.0.0%2CN%3Blists%2C23.100.0%2CN%3Bperfmon%2C21.0.0%2CN%3Blanding%2C23.600.100%2CN%3Bpull%2C23.100.0%2CN%3Bmail%2C22.800.100%2CN%3Bstoreassist%2C21.0.0%2CN%3Blearning%2C22.0.0%2CN%3Babtest%2C21.0.0%2CN%3Bscale%2C21.0.0%2CN%3Bsubscribe%2C21.0.0%2CN%3Bhighloadblock%2C22.200.0%2CN%3Bseo%2C23.200.0%2CN%3Bmessageservice%2C23.0.0%2CN%3Bnsandrey.emptyinstall%2C1.0.5%2CN%3Bstatistic%2C22.0.0%2CN%3Bbitrixcloud%2C22.100.0%2CN%3Bsocialnetwork%2C23.100.0%2CN%3Bbitrix.sitecorporate%2C15.5.0%2CN%3Bui%2C22.1600.0%2CN%3Bsender%2C23.0.0%2CN%3Bbitrix.sitepersonal%2C15.5.0%2CN%3Bbizprocdesigner%2C23.100.0%2CN%3Badvertising%2C21.100.0%2CN%3Bbizproc%2C23.200.100%2CN%3Bclouds%2C23.0.0%2CN%3Btranslate%2C23.200.0%2CN&reqm=bitrix.sitecommunity%2Cbitrix.eshop%2Cbitrix.siteinfoportal%2Cnsandrey.emptyinstall%2Cbitrix.sitecorporate%2Cbitrix.sitepersonal&fullmoduleinfo=Y&SUPD_SRS=RU&SUPD_CMP=N
2023-09-25 08:39:56 -  - exec CUpdateClientPartner::GetHTTPPage
2023-09-25 08:39:56 -  - TIME GetUpdatesList(request) 0.14 sec
2023-09-25 08:39:56 -  - exec CUpdateClientPartner::ParseServerData
2023-09-25 08:39:56 -  - exec CUpdateClientPartner::__CollectRequestData
2023-09-25 08:39:56 -  - exec CUpdateClientPartner::GetHTTPPage
2023-09-25 08:39:56 -  - exec CUpdateClientPartner::ParseServerData
2023-09-25 09:43:00 -  - exec CUpdateClientPartner::SearchModulesEx
2023-09-25 09:43:00 -  - exec CUpdateClientPartner::__CollectRequestData
2023-09-25 09:43:00 -  - utf=Y&lang=ru&stable=Y&CANGZIP=Y&SUPD_DBS=MYSQL&XE=N&CLIENT_SITE=btx.karaev&LICENSE_KEY=X&SUPD_STS=1&SUPD_URS=1&TYPENC=D&CLIENT_PHPVER=8.1.20&NGINX=Y&dbv=5.7.43&instm=main%2C23.300.100%2CY%3Brest%2C23.100.0%2CN%3Bblog%2C22.0.0%2CN%3Biblock%2C23.100.0%2CN%3Bforum%2C23.0.0%2CN%3Bsocialservices%2C22.200.400%2CN%3Bworkflow%2C21.0.0%2CN%3Bsearch%2C22.100.0%2CN%3Bconversion%2C22.0.0%2CN%3Bsale%2C23.200.0%2CN%3Bidea%2C21.0.0%2CN%3Bfileman%2C22.300.0%2CN%3Bcatalog%2C23.100.0%2CN%3Bform%2C22.0.0%2CN%3Bvote%2C23.0.0%2CN%3Bcurrency%2C22.500.0%2CN%3Bbitrix.sitecommunity%2C15.5.0%2CN%3Bwebservice%2C21.0.0%2CN%3Bwiki%2C23.0.0%2CN%3Bcalendar%2C23.200.100%2CN%3Bbitrix.eshop%2C22.100.0%2CN%3Blocation%2C23.0.0%2CN%3Bbitrix.siteinfoportal%2C15.5.0%2CN%3Bsupport%2C23.0.0%2CN%3Bsecurity%2C21.300.0%2CN%3Bb24connector%2C22.0.0%2CN%3Bphotogallery%2C22.0.200%2CN%3Breport%2C23.0.0%2CN%3Bim%2C23.400.0%2CN%3Bmobileapp%2C23.0.0%2CN%3Blists%2C23.100.0%2CN%3Bperfmon%2C21.0.0%2CN%3Blanding%2C23.600.100%2CN%3Bpull%2C23.100.0%2CN%3Bmail%2C22.800.100%2CN%3Bstoreassist%2C21.0.0%2CN%3Blearning%2C22.0.0%2CN%3Babtest%2C21.0.0%2CN%3Bscale%2C21.0.0%2CN%3Bsubscribe%2C21.0.0%2CN%3Bhighloadblock%2C22.200.0%2CN%3Bseo%2C23.200.0%2CN%3Bmessageservice%2C23.0.0%2CN%3Bnsandrey.emptyinstall%2C1.0.5%2CN%3Bstatistic%2C22.0.0%2CN%3Bbitrixcloud%2C22.100.0%2CN%3Bsocialnetwork%2C23.100.0%2CN%3Bbitrix.sitecorporate%2C15.5.0%2CN%3Bui%2C22.1600.0%2CN%3Bsender%2C23.0.0%2CN%3Bbitrix.sitepersonal%2C15.5.0%2CN%3Bbizprocdesigner%2C23.100.0%2CN%3Badvertising%2C21.100.0%2CN%3Bbizproc%2C23.200.100%2CN%3Bclouds%2C23.0.0%2CN%3Btranslate%2C23.200.0%2CN&search_module_id=&search_module=&search_category=7%2C14&search_type=&search_order=DESC&search_order_by=SORT&search_page=1&SUPD_SRS=RU&SUPD_CMP=N
2023-09-25 09:43:00 -  - exec CUpdateClientPartner::GetHTTPPage
2023-09-25 09:43:01 -  - TIME SearchModulesEx(request) 0.757 sec
2023-09-25 09:43:01 -  - exec CUpdateClientPartner::ParseServerData
2023-09-25 09:43:01 -  - exec CUpdateClientPartner::SearchModulesEx
2023-09-25 09:43:01 -  - exec CUpdateClientPartner::__CollectRequestData
2023-09-25 09:43:01 -  - utf=Y&lang=ru&stable=Y&CANGZIP=Y&SUPD_DBS=MYSQL&XE=N&CLIENT_SITE=btx.karaev&LICENSE_KEY=X&SUPD_STS=1&SUPD_URS=1&TYPENC=D&CLIENT_PHPVER=8.1.20&NGINX=Y&dbv=5.7.43&instm=main%2C23.300.100%2CY%3Brest%2C23.100.0%2CN%3Bblog%2C22.0.0%2CN%3Biblock%2C23.100.0%2CN%3Bforum%2C23.0.0%2CN%3Bsocialservices%2C22.200.400%2CN%3Bworkflow%2C21.0.0%2CN%3Bsearch%2C22.100.0%2CN%3Bconversion%2C22.0.0%2CN%3Bsale%2C23.200.0%2CN%3Bidea%2C21.0.0%2CN%3Bfileman%2C22.300.0%2CN%3Bcatalog%2C23.100.0%2CN%3Bform%2C22.0.0%2CN%3Bvote%2C23.0.0%2CN%3Bcurrency%2C22.500.0%2CN%3Bbitrix.sitecommunity%2C15.5.0%2CN%3Bwebservice%2C21.0.0%2CN%3Bwiki%2C23.0.0%2CN%3Bcalendar%2C23.200.100%2CN%3Bbitrix.eshop%2C22.100.0%2CN%3Blocation%2C23.0.0%2CN%3Bbitrix.siteinfoportal%2C15.5.0%2CN%3Bsupport%2C23.0.0%2CN%3Bsecurity%2C21.300.0%2CN%3Bb24connector%2C22.0.0%2CN%3Bphotogallery%2C22.0.200%2CN%3Breport%2C23.0.0%2CN%3Bim%2C23.400.0%2CN%3Bmobileapp%2C23.0.0%2CN%3Blists%2C23.100.0%2CN%3Bperfmon%2C21.0.0%2CN%3Blanding%2C23.600.100%2CN%3Bpull%2C23.100.0%2CN%3Bmail%2C22.800.100%2CN%3Bstoreassist%2C21.0.0%2CN%3Blearning%2C22.0.0%2CN%3Babtest%2C21.0.0%2CN%3Bscale%2C21.0.0%2CN%3Bsubscribe%2C21.0.0%2CN%3Bhighloadblock%2C22.200.0%2CN%3Bseo%2C23.200.0%2CN%3Bmessageservice%2C23.0.0%2CN%3Bnsandrey.emptyinstall%2C1.0.5%2CN%3Bstatistic%2C22.0.0%2CN%3Bbitrixcloud%2C22.100.0%2CN%3Bsocialnetwork%2C23.100.0%2CN%3Bbitrix.sitecorporate%2C15.5.0%2CN%3Bui%2C22.1600.0%2CN%3Bsender%2C23.0.0%2CN%3Bbitrix.sitepersonal%2C15.5.0%2CN%3Bbizprocdesigner%2C23.100.0%2CN%3Badvertising%2C21.100.0%2CN%3Bbizproc%2C23.200.100%2CN%3Bclouds%2C23.0.0%2CN%3Btranslate%2C23.200.0%2CN&search_module_id=&search_module=&search_category=7%2C14&search_type=&search_order=DESC&search_order_by=SORT&search_page=1&SUPD_SRS=RU&SUPD_CMP=N
2023-09-25 09:43:01 -  - exec CUpdateClientPartner::GetHTTPPage
2023-09-25 09:43:02 -  - TIME SearchModulesEx(request) 0.5 sec
2023-09-25 09:43:02 -  - exec CUpdateClientPartner::ParseServerData
2023-09-25 09:43:03 -  - exec CUpdateClientPartner::SearchModulesEx
2023-09-25 09:43:03 -  - exec CUpdateClientPartner::__CollectRequestData
2023-09-25 09:43:03 -  - utf=Y&lang=ru&stable=Y&CANGZIP=Y&SUPD_DBS=MYSQL&XE=N&CLIENT_SITE=btx.karaev&LICENSE_KEY=X&SUPD_STS=1&SUPD_URS=1&TYPENC=D&CLIENT_PHPVER=8.1.20&NGINX=Y&dbv=5.7.43&instm=main%2C23.300.100%2CY%3Brest%2C23.100.0%2CN%3Bblog%2C22.0.0%2CN%3Biblock%2C23.100.0%2CN%3Bforum%2C23.0.0%2CN%3Bsocialservices%2C22.200.400%2CN%3Bworkflow%2C21.0.0%2CN%3Bsearch%2C22.100.0%2CN%3Bconversion%2C22.0.0%2CN%3Bsale%2C23.200.0%2CN%3Bidea%2C21.0.0%2CN%3Bfileman%2C22.300.0%2CN%3Bcatalog%2C23.100.0%2CN%3Bform%2C22.0.0%2CN%3Bvote%2C23.0.0%2CN%3Bcurrency%2C22.500.0%2CN%3Bbitrix.sitecommunity%2C15.5.0%2CN%3Bwebservice%2C21.0.0%2CN%3Bwiki%2C23.0.0%2CN%3Bcalendar%2C23.200.100%2CN%3Bbitrix.eshop%2C22.100.0%2CN%3Blocation%2C23.0.0%2CN%3Bbitrix.siteinfoportal%2C15.5.0%2CN%3Bsupport%2C23.0.0%2CN%3Bsecurity%2C21.300.0%2CN%3Bb24connector%2C22.0.0%2CN%3Bphotogallery%2C22.0.200%2CN%3Breport%2C23.0.0%2CN%3Bim%2C23.400.0%2CN%3Bmobileapp%2C23.0.0%2CN%3Blists%2C23.100.0%2CN%3Bperfmon%2C21.0.0%2CN%3Blanding%2C23.600.100%2CN%3Bpull%2C23.100.0%2CN%3Bmail%2C22.800.100%2CN%3Bstoreassist%2C21.0.0%2CN%3Blearning%2C22.0.0%2CN%3Babtest%2C21.0.0%2CN%3Bscale%2C21.0.0%2CN%3Bsubscribe%2C21.0.0%2CN%3Bhighloadblock%2C22.200.0%2CN%3Bseo%2C23.200.0%2CN%3Bmessageservice%2C23.0.0%2CN%3Bnsandrey.emptyinstall%2C1.0.5%2CN%3Bstatistic%2C22.0.0%2CN%3Bbitrixcloud%2C22.100.0%2CN%3Bsocialnetwork%2C23.100.0%2CN%3Bbitrix.sitecorporate%2C15.5.0%2CN%3Bui%2C22.1600.0%2CN%3Bsender%2C23.0.0%2CN%3Bbitrix.sitepersonal%2C15.5.0%2CN%3Bbizprocdesigner%2C23.100.0%2CN%3Badvertising%2C21.100.0%2CN%3Bbizproc%2C23.200.100%2CN%3Bclouds%2C23.0.0%2CN%3Btranslate%2C23.200.0%2CN&search_module_id=&search_module=&search_category=7%2C14&search_type=&search_order=DESC&search_order_by=SORT&search_page=1&SUPD_SRS=RU&SUPD_CMP=N
2023-09-25 09:43:03 -  - exec CUpdateClientPartner::GetHTTPPage
2023-09-25 09:43:03 -  - TIME SearchModulesEx(request) 0.59 sec
2023-09-25 09:43:03 -  - exec CUpdateClientPartner::ParseServerData
2023-09-25 09:43:04 -  - exec CUpdateClientPartner::SearchModulesEx
2023-09-25 09:43:04 -  - exec CUpdateClientPartner::__CollectRequestData
2023-09-25 09:43:04 -  - utf=Y&lang=ru&stable=Y&CANGZIP=Y&SUPD_DBS=MYSQL&XE=N&CLIENT_SITE=btx.karaev&LICENSE_KEY=X&SUPD_STS=1&SUPD_URS=1&TYPENC=D&CLIENT_PHPVER=8.1.20&NGINX=Y&dbv=5.7.43&instm=main%2C23.300.100%2CY%3Brest%2C23.100.0%2CN%3Bblog%2C22.0.0%2CN%3Biblock%2C23.100.0%2CN%3Bforum%2C23.0.0%2CN%3Bsocialservices%2C22.200.400%2CN%3Bworkflow%2C21.0.0%2CN%3Bsearch%2C22.100.0%2CN%3Bconversion%2C22.0.0%2CN%3Bsale%2C23.200.0%2CN%3Bidea%2C21.0.0%2CN%3Bfileman%2C22.300.0%2CN%3Bcatalog%2C23.100.0%2CN%3Bform%2C22.0.0%2CN%3Bvote%2C23.0.0%2CN%3Bcurrency%2C22.500.0%2CN%3Bbitrix.sitecommunity%2C15.5.0%2CN%3Bwebservice%2C21.0.0%2CN%3Bwiki%2C23.0.0%2CN%3Bcalendar%2C23.200.100%2CN%3Bbitrix.eshop%2C22.100.0%2CN%3Blocation%2C23.0.0%2CN%3Bbitrix.siteinfoportal%2C15.5.0%2CN%3Bsupport%2C23.0.0%2CN%3Bsecurity%2C21.300.0%2CN%3Bb24connector%2C22.0.0%2CN%3Bphotogallery%2C22.0.200%2CN%3Breport%2C23.0.0%2CN%3Bim%2C23.400.0%2CN%3Bmobileapp%2C23.0.0%2CN%3Blists%2C23.100.0%2CN%3Bperfmon%2C21.0.0%2CN%3Blanding%2C23.600.100%2CN%3Bpull%2C23.100.0%2CN%3Bmail%2C22.800.100%2CN%3Bstoreassist%2C21.0.0%2CN%3Blearning%2C22.0.0%2CN%3Babtest%2C21.0.0%2CN%3Bscale%2C21.0.0%2CN%3Bsubscribe%2C21.0.0%2CN%3Bhighloadblock%2C22.200.0%2CN%3Bseo%2C23.200.0%2CN%3Bmessageservice%2C23.0.0%2CN%3Bnsandrey.emptyinstall%2C1.0.5%2CN%3Bstatistic%2C22.0.0%2CN%3Bbitrixcloud%2C22.100.0%2CN%3Bsocialnetwork%2C23.100.0%2CN%3Bbitrix.sitecorporate%2C15.5.0%2CN%3Bui%2C22.1600.0%2CN%3Bsender%2C23.0.0%2CN%3Bbitrix.sitepersonal%2C15.5.0%2CN%3Bbizprocdesigner%2C23.100.0%2CN%3Badvertising%2C21.100.0%2CN%3Bbizproc%2C23.200.100%2CN%3Bclouds%2C23.0.0%2CN%3Btranslate%2C23.200.0%2CN&search_module_id=&search_module=&search_category=7%2C14&search_type=&search_order=DESC&search_order_by=SORT&search_page=1&SUPD_SRS=RU&SUPD_CMP=N
2023-09-25 09:43:04 -  - exec CUpdateClientPartner::GetHTTPPage
2023-09-25 09:43:05 -  - TIME SearchModulesEx(request) 0.481 sec
2023-09-25 09:43:05 -  - exec CUpdateClientPartner::ParseServerData
2023-09-25 09:43:05 -  - exec CUpdateClientPartner::SearchModulesEx
2023-09-25 09:43:05 -  - exec CUpdateClientPartner::__CollectRequestData
2023-09-25 09:43:05 -  - utf=Y&lang=ru&stable=Y&CANGZIP=Y&SUPD_DBS=MYSQL&XE=N&CLIENT_SITE=btx.karaev&LICENSE_KEY=X&SUPD_STS=1&SUPD_URS=1&TYPENC=D&CLIENT_PHPVER=8.1.20&NGINX=Y&dbv=5.7.43&instm=main%2C23.300.100%2CY%3Brest%2C23.100.0%2CN%3Bblog%2C22.0.0%2CN%3Biblock%2C23.100.0%2CN%3Bforum%2C23.0.0%2CN%3Bsocialservices%2C22.200.400%2CN%3Bworkflow%2C21.0.0%2CN%3Bsearch%2C22.100.0%2CN%3Bconversion%2C22.0.0%2CN%3Bsale%2C23.200.0%2CN%3Bidea%2C21.0.0%2CN%3Bfileman%2C22.300.0%2CN%3Bcatalog%2C23.100.0%2CN%3Bform%2C22.0.0%2CN%3Bvote%2C23.0.0%2CN%3Bcurrency%2C22.500.0%2CN%3Bbitrix.sitecommunity%2C15.5.0%2CN%3Bwebservice%2C21.0.0%2CN%3Bwiki%2C23.0.0%2CN%3Bcalendar%2C23.200.100%2CN%3Bbitrix.eshop%2C22.100.0%2CN%3Blocation%2C23.0.0%2CN%3Bbitrix.siteinfoportal%2C15.5.0%2CN%3Bsupport%2C23.0.0%2CN%3Bsecurity%2C21.300.0%2CN%3Bb24connector%2C22.0.0%2CN%3Bphotogallery%2C22.0.200%2CN%3Breport%2C23.0.0%2CN%3Bim%2C23.400.0%2CN%3Bmobileapp%2C23.0.0%2CN%3Blists%2C23.100.0%2CN%3Bperfmon%2C21.0.0%2CN%3Blanding%2C23.600.100%2CN%3Bpull%2C23.100.0%2CN%3Bmail%2C22.800.100%2CN%3Bstoreassist%2C21.0.0%2CN%3Blearning%2C22.0.0%2CN%3Babtest%2C21.0.0%2CN%3Bscale%2C21.0.0%2CN%3Bsubscribe%2C21.0.0%2CN%3Bhighloadblock%2C22.200.0%2CN%3Bseo%2C23.200.0%2CN%3Bmessageservice%2C23.0.0%2CN%3Bnsandrey.emptyinstall%2C1.0.5%2CN%3Bstatistic%2C22.0.0%2CN%3Bbitrixcloud%2C22.100.0%2CN%3Bsocialnetwork%2C23.100.0%2CN%3Bbitrix.sitecorporate%2C15.5.0%2CN%3Bui%2C22.1600.0%2CN%3Bsender%2C23.0.0%2CN%3Bbitrix.sitepersonal%2C15.5.0%2CN%3Bbizprocdesigner%2C23.100.0%2CN%3Badvertising%2C21.100.0%2CN%3Bbizproc%2C23.200.100%2CN%3Bclouds%2C23.0.0%2CN%3Btranslate%2C23.200.0%2CN&search_module_id=&search_module=&search_category=7%2C14&search_type=&search_order=DESC&search_order_by=SORT&search_page=1&SUPD_SRS=RU&SUPD_CMP=N
2023-09-25 09:43:05 -  - exec CUpdateClientPartner::GetHTTPPage
2023-09-25 09:43:06 -  - TIME SearchModulesEx(request) 0.501 sec
2023-09-25 09:43:06 -  - exec CUpdateClientPartner::ParseServerData
2023-09-25 09:43:07 -  - exec CUpdateClientPartner::SearchModulesEx
2023-09-25 09:43:07 -  - exec CUpdateClientPartner::__CollectRequestData
2023-09-25 09:43:07 -  - utf=Y&lang=ru&stable=Y&CANGZIP=Y&SUPD_DBS=MYSQL&XE=N&CLIENT_SITE=btx.karaev&LICENSE_KEY=X&SUPD_STS=1&SUPD_URS=1&TYPENC=D&CLIENT_PHPVER=8.1.20&NGINX=Y&dbv=5.7.43&instm=main%2C23.300.100%2CY%3Brest%2C23.100.0%2CN%3Bblog%2C22.0.0%2CN%3Biblock%2C23.100.0%2CN%3Bforum%2C23.0.0%2CN%3Bsocialservices%2C22.200.400%2CN%3Bworkflow%2C21.0.0%2CN%3Bsearch%2C22.100.0%2CN%3Bconversion%2C22.0.0%2CN%3Bsale%2C23.200.0%2CN%3Bidea%2C21.0.0%2CN%3Bfileman%2C22.300.0%2CN%3Bcatalog%2C23.100.0%2CN%3Bform%2C22.0.0%2CN%3Bvote%2C23.0.0%2CN%3Bcurrency%2C22.500.0%2CN%3Bbitrix.sitecommunity%2C15.5.0%2CN%3Bwebservice%2C21.0.0%2CN%3Bwiki%2C23.0.0%2CN%3Bcalendar%2C23.200.100%2CN%3Bbitrix.eshop%2C22.100.0%2CN%3Blocation%2C23.0.0%2CN%3Bbitrix.siteinfoportal%2C15.5.0%2CN%3Bsupport%2C23.0.0%2CN%3Bsecurity%2C21.300.0%2CN%3Bb24connector%2C22.0.0%2CN%3Bphotogallery%2C22.0.200%2CN%3Breport%2C23.0.0%2CN%3Bim%2C23.400.0%2CN%3Bmobileapp%2C23.0.0%2CN%3Blists%2C23.100.0%2CN%3Bperfmon%2C21.0.0%2CN%3Blanding%2C23.600.100%2CN%3Bpull%2C23.100.0%2CN%3Bmail%2C22.800.100%2CN%3Bstoreassist%2C21.0.0%2CN%3Blearning%2C22.0.0%2CN%3Babtest%2C21.0.0%2CN%3Bscale%2C21.0.0%2CN%3Bsubscribe%2C21.0.0%2CN%3Bhighloadblock%2C22.200.0%2CN%3Bseo%2C23.200.0%2CN%3Bmessageservice%2C23.0.0%2CN%3Bnsandrey.emptyinstall%2C1.0.5%2CN%3Bstatistic%2C22.0.0%2CN%3Bbitrixcloud%2C22.100.0%2CN%3Bsocialnetwork%2C23.100.0%2CN%3Bbitrix.sitecorporate%2C15.5.0%2CN%3Bui%2C22.1600.0%2CN%3Bsender%2C23.0.0%2CN%3Bbitrix.sitepersonal%2C15.5.0%2CN%3Bbizprocdesigner%2C23.100.0%2CN%3Badvertising%2C21.100.0%2CN%3Bbizproc%2C23.200.100%2CN%3Bclouds%2C23.0.0%2CN%3Btranslate%2C23.200.0%2CN&search_module_id=&search_module=&search_category=7%2C14&search_type=&search_order=DESC&search_order_by=SORT&search_page=1&SUPD_SRS=RU&SUPD_CMP=N
2023-09-25 09:43:07 -  - exec CUpdateClientPartner::GetHTTPPage
2023-09-25 09:43:07 -  - TIME SearchModulesEx(request) 0.576 sec
2023-09-25 09:43:07 -  - exec CUpdateClientPartner::ParseServerData
2023-09-25 09:43:08 -  - exec CUpdateClientPartner::SearchModulesEx
2023-09-25 09:43:08 -  - exec CUpdateClientPartner::__CollectRequestData
2023-09-25 09:43:08 -  - utf=Y&lang=ru&stable=Y&CANGZIP=Y&SUPD_DBS=MYSQL&XE=N&CLIENT_SITE=btx.karaev&LICENSE_KEY=X&SUPD_STS=1&SUPD_URS=1&TYPENC=D&CLIENT_PHPVER=8.1.20&NGINX=Y&dbv=5.7.43&instm=main%2C23.300.100%2CY%3Brest%2C23.100.0%2CN%3Bblog%2C22.0.0%2CN%3Biblock%2C23.100.0%2CN%3Bforum%2C23.0.0%2CN%3Bsocialservices%2C22.200.400%2CN%3Bworkflow%2C21.0.0%2CN%3Bsearch%2C22.100.0%2CN%3Bconversion%2C22.0.0%2CN%3Bsale%2C23.200.0%2CN%3Bidea%2C21.0.0%2CN%3Bfileman%2C22.300.0%2CN%3Bcatalog%2C23.100.0%2CN%3Bform%2C22.0.0%2CN%3Bvote%2C23.0.0%2CN%3Bcurrency%2C22.500.0%2CN%3Bbitrix.sitecommunity%2C15.5.0%2CN%3Bwebservice%2C21.0.0%2CN%3Bwiki%2C23.0.0%2CN%3Bcalendar%2C23.200.100%2CN%3Bbitrix.eshop%2C22.100.0%2CN%3Blocation%2C23.0.0%2CN%3Bbitrix.siteinfoportal%2C15.5.0%2CN%3Bsupport%2C23.0.0%2CN%3Bsecurity%2C21.300.0%2CN%3Bb24connector%2C22.0.0%2CN%3Bphotogallery%2C22.0.200%2CN%3Breport%2C23.0.0%2CN%3Bim%2C23.400.0%2CN%3Bmobileapp%2C23.0.0%2CN%3Blists%2C23.100.0%2CN%3Bperfmon%2C21.0.0%2CN%3Blanding%2C23.600.100%2CN%3Bpull%2C23.100.0%2CN%3Bmail%2C22.800.100%2CN%3Bstoreassist%2C21.0.0%2CN%3Blearning%2C22.0.0%2CN%3Babtest%2C21.0.0%2CN%3Bscale%2C21.0.0%2CN%3Bsubscribe%2C21.0.0%2CN%3Bhighloadblock%2C22.200.0%2CN%3Bseo%2C23.200.0%2CN%3Bmessageservice%2C23.0.0%2CN%3Bnsandrey.emptyinstall%2C1.0.5%2CN%3Bstatistic%2C22.0.0%2CN%3Bbitrixcloud%2C22.100.0%2CN%3Bsocialnetwork%2C23.100.0%2CN%3Bbitrix.sitecorporate%2C15.5.0%2CN%3Bui%2C22.1600.0%2CN%3Bsender%2C23.0.0%2CN%3Bbitrix.sitepersonal%2C15.5.0%2CN%3Bbizprocdesigner%2C23.100.0%2CN%3Badvertising%2C21.100.0%2CN%3Bbizproc%2C23.200.100%2CN%3Bclouds%2C23.0.0%2CN%3Btranslate%2C23.200.0%2CN&search_module_id=&search_module=&search_category=7%2C14&search_type=&search_order=DESC&search_order_by=SORT&search_page=1&SUPD_SRS=RU&SUPD_CMP=N
2023-09-25 09:43:08 -  - exec CUpdateClientPartner::GetHTTPPage
2023-09-25 09:43:09 -  - TIME SearchModulesEx(request) 0.497 sec
2023-09-25 09:43:09 -  - exec CUpdateClientPartner::ParseServerData
2023-09-25 09:43:09 -  - exec CUpdateClientPartner::SearchModulesEx
2023-09-25 09:43:09 -  - exec CUpdateClientPartner::__CollectRequestData
2023-09-25 09:43:09 -  - utf=Y&lang=ru&stable=Y&CANGZIP=Y&SUPD_DBS=MYSQL&XE=N&CLIENT_SITE=btx.karaev&LICENSE_KEY=X&SUPD_STS=1&SUPD_URS=1&TYPENC=D&CLIENT_PHPVER=8.1.20&NGINX=Y&dbv=5.7.43&instm=main%2C23.300.100%2CY%3Brest%2C23.100.0%2CN%3Bblog%2C22.0.0%2CN%3Biblock%2C23.100.0%2CN%3Bforum%2C23.0.0%2CN%3Bsocialservices%2C22.200.400%2CN%3Bworkflow%2C21.0.0%2CN%3Bsearch%2C22.100.0%2CN%3Bconversion%2C22.0.0%2CN%3Bsale%2C23.200.0%2CN%3Bidea%2C21.0.0%2CN%3Bfileman%2C22.300.0%2CN%3Bcatalog%2C23.100.0%2CN%3Bform%2C22.0.0%2CN%3Bvote%2C23.0.0%2CN%3Bcurrency%2C22.500.0%2CN%3Bbitrix.sitecommunity%2C15.5.0%2CN%3Bwebservice%2C21.0.0%2CN%3Bwiki%2C23.0.0%2CN%3Bcalendar%2C23.200.100%2CN%3Bbitrix.eshop%2C22.100.0%2CN%3Blocation%2C23.0.0%2CN%3Bbitrix.siteinfoportal%2C15.5.0%2CN%3Bsupport%2C23.0.0%2CN%3Bsecurity%2C21.300.0%2CN%3Bb24connector%2C22.0.0%2CN%3Bphotogallery%2C22.0.200%2CN%3Breport%2C23.0.0%2CN%3Bim%2C23.400.0%2CN%3Bmobileapp%2C23.0.0%2CN%3Blists%2C23.100.0%2CN%3Bperfmon%2C21.0.0%2CN%3Blanding%2C23.600.100%2CN%3Bpull%2C23.100.0%2CN%3Bmail%2C22.800.100%2CN%3Bstoreassist%2C21.0.0%2CN%3Blearning%2C22.0.0%2CN%3Babtest%2C21.0.0%2CN%3Bscale%2C21.0.0%2CN%3Bsubscribe%2C21.0.0%2CN%3Bhighloadblock%2C22.200.0%2CN%3Bseo%2C23.200.0%2CN%3Bmessageservice%2C23.0.0%2CN%3Bnsandrey.emptyinstall%2C1.0.5%2CN%3Bstatistic%2C22.0.0%2CN%3Bbitrixcloud%2C22.100.0%2CN%3Bsocialnetwork%2C23.100.0%2CN%3Bbitrix.sitecorporate%2C15.5.0%2CN%3Bui%2C22.1600.0%2CN%3Bsender%2C23.0.0%2CN%3Bbitrix.sitepersonal%2C15.5.0%2CN%3Bbizprocdesigner%2C23.100.0%2CN%3Badvertising%2C21.100.0%2CN%3Bbizproc%2C23.200.100%2CN%3Bclouds%2C23.0.0%2CN%3Btranslate%2C23.200.0%2CN&search_module_id=&search_module=&search_category=7%2C14&search_type=&search_order=DESC&search_order_by=SORT&search_page=1&SUPD_SRS=RU&SUPD_CMP=N
2023-09-25 09:43:09 -  - exec CUpdateClientPartner::GetHTTPPage
2023-09-25 09:43:10 -  - TIME SearchModulesEx(request) 0.621 sec
2023-09-25 09:43:10 -  - exec CUpdateClientPartner::ParseServerData
2023-09-25 09:43:11 -  - exec CUpdateClientPartner::SearchModulesEx
2023-09-25 09:43:11 -  - exec CUpdateClientPartner::__CollectRequestData
2023-09-25 09:43:11 -  - utf=Y&lang=ru&stable=Y&CANGZIP=Y&SUPD_DBS=MYSQL&XE=N&CLIENT_SITE=btx.karaev&LICENSE_KEY=X&SUPD_STS=1&SUPD_URS=1&TYPENC=D&CLIENT_PHPVER=8.1.20&NGINX=Y&dbv=5.7.43&instm=main%2C23.300.100%2CY%3Brest%2C23.100.0%2CN%3Bblog%2C22.0.0%2CN%3Biblock%2C23.100.0%2CN%3Bforum%2C23.0.0%2CN%3Bsocialservices%2C22.200.400%2CN%3Bworkflow%2C21.0.0%2CN%3Bsearch%2C22.100.0%2CN%3Bconversion%2C22.0.0%2CN%3Bsale%2C23.200.0%2CN%3Bidea%2C21.0.0%2CN%3Bfileman%2C22.300.0%2CN%3Bcatalog%2C23.100.0%2CN%3Bform%2C22.0.0%2CN%3Bvote%2C23.0.0%2CN%3Bcurrency%2C22.500.0%2CN%3Bbitrix.sitecommunity%2C15.5.0%2CN%3Bwebservice%2C21.0.0%2CN%3Bwiki%2C23.0.0%2CN%3Bcalendar%2C23.200.100%2CN%3Bbitrix.eshop%2C22.100.0%2CN%3Blocation%2C23.0.0%2CN%3Bbitrix.siteinfoportal%2C15.5.0%2CN%3Bsupport%2C23.0.0%2CN%3Bsecurity%2C21.300.0%2CN%3Bb24connector%2C22.0.0%2CN%3Bphotogallery%2C22.0.200%2CN%3Breport%2C23.0.0%2CN%3Bim%2C23.400.0%2CN%3Bmobileapp%2C23.0.0%2CN%3Blists%2C23.100.0%2CN%3Bperfmon%2C21.0.0%2CN%3Blanding%2C23.600.100%2CN%3Bpull%2C23.100.0%2CN%3Bmail%2C22.800.100%2CN%3Bstoreassist%2C21.0.0%2CN%3Blearning%2C22.0.0%2CN%3Babtest%2C21.0.0%2CN%3Bscale%2C21.0.0%2CN%3Bsubscribe%2C21.0.0%2CN%3Bhighloadblock%2C22.200.0%2CN%3Bseo%2C23.200.0%2CN%3Bmessageservice%2C23.0.0%2CN%3Bnsandrey.emptyinstall%2C1.0.5%2CN%3Bstatistic%2C22.0.0%2CN%3Bbitrixcloud%2C22.100.0%2CN%3Bsocialnetwork%2C23.100.0%2CN%3Bbitrix.sitecorporate%2C15.5.0%2CN%3Bui%2C22.1600.0%2CN%3Bsender%2C23.0.0%2CN%3Bbitrix.sitepersonal%2C15.5.0%2CN%3Bbizprocdesigner%2C23.100.0%2CN%3Badvertising%2C21.100.0%2CN%3Bbizproc%2C23.200.100%2CN%3Bclouds%2C23.0.0%2CN%3Btranslate%2C23.200.0%2CN&search_module_id=&search_module=&search_category=7%2C14&search_type=&search_order=DESC&search_order_by=SORT&search_page=1&SUPD_SRS=RU&SUPD_CMP=N
2023-09-25 09:43:11 -  - exec CUpdateClientPartner::GetHTTPPage
2023-09-25 09:43:11 -  - TIME SearchModulesEx(request) 0.562 sec
2023-09-25 09:43:11 -  - exec CUpdateClientPartner::ParseServerData
2023-09-25 09:43:12 -  - exec CUpdateClientPartner::SearchModulesEx
2023-09-25 09:43:12 -  - exec CUpdateClientPartner::__CollectRequestData
2023-09-25 09:43:12 -  - utf=Y&lang=ru&stable=Y&CANGZIP=Y&SUPD_DBS=MYSQL&XE=N&CLIENT_SITE=btx.karaev&LICENSE_KEY=X&SUPD_STS=1&SUPD_URS=1&TYPENC=D&CLIENT_PHPVER=8.1.20&NGINX=Y&dbv=5.7.43&instm=main%2C23.300.100%2CY%3Brest%2C23.100.0%2CN%3Bblog%2C22.0.0%2CN%3Biblock%2C23.100.0%2CN%3Bforum%2C23.0.0%2CN%3Bsocialservices%2C22.200.400%2CN%3Bworkflow%2C21.0.0%2CN%3Bsearch%2C22.100.0%2CN%3Bconversion%2C22.0.0%2CN%3Bsale%2C23.200.0%2CN%3Bidea%2C21.0.0%2CN%3Bfileman%2C22.300.0%2CN%3Bcatalog%2C23.100.0%2CN%3Bform%2C22.0.0%2CN%3Bvote%2C23.0.0%2CN%3Bcurrency%2C22.500.0%2CN%3Bbitrix.sitecommunity%2C15.5.0%2CN%3Bwebservice%2C21.0.0%2CN%3Bwiki%2C23.0.0%2CN%3Bcalendar%2C23.200.100%2CN%3Bbitrix.eshop%2C22.100.0%2CN%3Blocation%2C23.0.0%2CN%3Bbitrix.siteinfoportal%2C15.5.0%2CN%3Bsupport%2C23.0.0%2CN%3Bsecurity%2C21.300.0%2CN%3Bb24connector%2C22.0.0%2CN%3Bphotogallery%2C22.0.200%2CN%3Breport%2C23.0.0%2CN%3Bim%2C23.400.0%2CN%3Bmobileapp%2C23.0.0%2CN%3Blists%2C23.100.0%2CN%3Bperfmon%2C21.0.0%2CN%3Blanding%2C23.600.100%2CN%3Bpull%2C23.100.0%2CN%3Bmail%2C22.800.100%2CN%3Bstoreassist%2C21.0.0%2CN%3Blearning%2C22.0.0%2CN%3Babtest%2C21.0.0%2CN%3Bscale%2C21.0.0%2CN%3Bsubscribe%2C21.0.0%2CN%3Bhighloadblock%2C22.200.0%2CN%3Bseo%2C23.200.0%2CN%3Bmessageservice%2C23.0.0%2CN%3Bnsandrey.emptyinstall%2C1.0.5%2CN%3Bstatistic%2C22.0.0%2CN%3Bbitrixcloud%2C22.100.0%2CN%3Bsocialnetwork%2C23.100.0%2CN%3Bbitrix.sitecorporate%2C15.5.0%2CN%3Bui%2C22.1600.0%2CN%3Bsender%2C23.0.0%2CN%3Bbitrix.sitepersonal%2C15.5.0%2CN%3Bbizprocdesigner%2C23.100.0%2CN%3Badvertising%2C21.100.0%2CN%3Bbizproc%2C23.200.100%2CN%3Bclouds%2C23.0.0%2CN%3Btranslate%2C23.200.0%2CN&search_module_id=&search_module=&search_category=7%2C14&search_type=&search_order=DESC&search_order_by=SORT&search_page=1&SUPD_SRS=RU&SUPD_CMP=N
2023-09-25 09:43:12 -  - exec CUpdateClientPartner::GetHTTPPage
2023-09-25 09:43:13 -  - TIME SearchModulesEx(request) 0.592 sec
2023-09-25 09:43:13 -  - exec CUpdateClientPartner::ParseServerData
2023-09-25 09:43:14 -  - exec CUpdateClientPartner::SearchModulesEx
2023-09-25 09:43:14 -  - exec CUpdateClientPartner::__CollectRequestData
2023-09-25 09:43:14 -  - utf=Y&lang=ru&stable=Y&CANGZIP=Y&SUPD_DBS=MYSQL&XE=N&CLIENT_SITE=btx.karaev&LICENSE_KEY=X&SUPD_STS=1&SUPD_URS=1&TYPENC=D&CLIENT_PHPVER=8.1.20&NGINX=Y&dbv=5.7.43&instm=main%2C23.300.100%2CY%3Brest%2C23.100.0%2CN%3Bblog%2C22.0.0%2CN%3Biblock%2C23.100.0%2CN%3Bforum%2C23.0.0%2CN%3Bsocialservices%2C22.200.400%2CN%3Bworkflow%2C21.0.0%2CN%3Bsearch%2C22.100.0%2CN%3Bconversion%2C22.0.0%2CN%3Bsale%2C23.200.0%2CN%3Bidea%2C21.0.0%2CN%3Bfileman%2C22.300.0%2CN%3Bcatalog%2C23.100.0%2CN%3Bform%2C22.0.0%2CN%3Bvote%2C23.0.0%2CN%3Bcurrency%2C22.500.0%2CN%3Bbitrix.sitecommunity%2C15.5.0%2CN%3Bwebservice%2C21.0.0%2CN%3Bwiki%2C23.0.0%2CN%3Bcalendar%2C23.200.100%2CN%3Bbitrix.eshop%2C22.100.0%2CN%3Blocation%2C23.0.0%2CN%3Bbitrix.siteinfoportal%2C15.5.0%2CN%3Bsupport%2C23.0.0%2CN%3Bsecurity%2C21.300.0%2CN%3Bb24connector%2C22.0.0%2CN%3Bphotogallery%2C22.0.200%2CN%3Breport%2C23.0.0%2CN%3Bim%2C23.400.0%2CN%3Bmobileapp%2C23.0.0%2CN%3Blists%2C23.100.0%2CN%3Bperfmon%2C21.0.0%2CN%3Blanding%2C23.600.100%2CN%3Bpull%2C23.100.0%2CN%3Bmail%2C22.800.100%2CN%3Bstoreassist%2C21.0.0%2CN%3Blearning%2C22.0.0%2CN%3Babtest%2C21.0.0%2CN%3Bscale%2C21.0.0%2CN%3Bsubscribe%2C21.0.0%2CN%3Bhighloadblock%2C22.200.0%2CN%3Bseo%2C23.200.0%2CN%3Bmessageservice%2C23.0.0%2CN%3Bnsandrey.emptyinstall%2C1.0.5%2CN%3Bstatistic%2C22.0.0%2CN%3Bbitrixcloud%2C22.100.0%2CN%3Bsocialnetwork%2C23.100.0%2CN%3Bbitrix.sitecorporate%2C15.5.0%2CN%3Bui%2C22.1600.0%2CN%3Bsender%2C23.0.0%2CN%3Bbitrix.sitepersonal%2C15.5.0%2CN%3Bbizprocdesigner%2C23.100.0%2CN%3Badvertising%2C21.100.0%2CN%3Bbizproc%2C23.200.100%2CN%3Bclouds%2C23.0.0%2CN%3Btranslate%2C23.200.0%2CN&search_module_id=&search_module=&search_category=7%2C14&search_type=&search_order=DESC&search_order_by=SORT&search_page=1&SUPD_SRS=RU&SUPD_CMP=N
2023-09-25 09:43:14 -  - exec CUpdateClientPartner::GetHTTPPage
2023-09-25 09:43:14 -  - TIME SearchModulesEx(request) 0.574 sec
2023-09-25 09:43:14 -  - exec CUpdateClientPartner::ParseServerData
2023-09-25 09:43:15 -  - exec CUpdateClientPartner::SearchModulesEx
2023-09-25 09:43:15 -  - exec CUpdateClientPartner::__CollectRequestData
2023-09-25 09:43:15 -  - utf=Y&lang=ru&stable=Y&CANGZIP=Y&SUPD_DBS=MYSQL&XE=N&CLIENT_SITE=btx.karaev&LICENSE_KEY=X&SUPD_STS=1&SUPD_URS=1&TYPENC=D&CLIENT_PHPVER=8.1.20&NGINX=Y&dbv=5.7.43&instm=main%2C23.300.100%2CY%3Brest%2C23.100.0%2CN%3Bblog%2C22.0.0%2CN%3Biblock%2C23.100.0%2CN%3Bforum%2C23.0.0%2CN%3Bsocialservices%2C22.200.400%2CN%3Bworkflow%2C21.0.0%2CN%3Bsearch%2C22.100.0%2CN%3Bconversion%2C22.0.0%2CN%3Bsale%2C23.200.0%2CN%3Bidea%2C21.0.0%2CN%3Bfileman%2C22.300.0%2CN%3Bcatalog%2C23.100.0%2CN%3Bform%2C22.0.0%2CN%3Bvote%2C23.0.0%2CN%3Bcurrency%2C22.500.0%2CN%3Bbitrix.sitecommunity%2C15.5.0%2CN%3Bwebservice%2C21.0.0%2CN%3Bwiki%2C23.0.0%2CN%3Bcalendar%2C23.200.100%2CN%3Bbitrix.eshop%2C22.100.0%2CN%3Blocation%2C23.0.0%2CN%3Bbitrix.siteinfoportal%2C15.5.0%2CN%3Bsupport%2C23.0.0%2CN%3Bsecurity%2C21.300.0%2CN%3Bb24connector%2C22.0.0%2CN%3Bphotogallery%2C22.0.200%2CN%3Breport%2C23.0.0%2CN%3Bim%2C23.400.0%2CN%3Bmobileapp%2C23.0.0%2CN%3Blists%2C23.100.0%2CN%3Bperfmon%2C21.0.0%2CN%3Blanding%2C23.600.100%2CN%3Bpull%2C23.100.0%2CN%3Bmail%2C22.800.100%2CN%3Bstoreassist%2C21.0.0%2CN%3Blearning%2C22.0.0%2CN%3Babtest%2C21.0.0%2CN%3Bscale%2C21.0.0%2CN%3Bsubscribe%2C21.0.0%2CN%3Bhighloadblock%2C22.200.0%2CN%3Bseo%2C23.200.0%2CN%3Bmessageservice%2C23.0.0%2CN%3Bnsandrey.emptyinstall%2C1.0.5%2CN%3Bstatistic%2C22.0.0%2CN%3Bbitrixcloud%2C22.100.0%2CN%3Bsocialnetwork%2C23.100.0%2CN%3Bbitrix.sitecorporate%2C15.5.0%2CN%3Bui%2C22.1600.0%2CN%3Bsender%2C23.0.0%2CN%3Bbitrix.sitepersonal%2C15.5.0%2CN%3Bbizprocdesigner%2C23.100.0%2CN%3Badvertising%2C21.100.0%2CN%3Bbizproc%2C23.200.100%2CN%3Bclouds%2C23.0.0%2CN%3Btranslate%2C23.200.0%2CN&search_module_id=&search_module=&search_category=7%2C14&search_type=&search_order=DESC&search_order_by=SORT&search_page=1&SUPD_SRS=RU&SUPD_CMP=N
2023-09-25 09:43:15 -  - exec CUpdateClientPartner::GetHTTPPage
2023-09-25 09:43:16 -  - TIME SearchModulesEx(request) 1.476 sec
2023-09-25 09:43:16 -  - exec CUpdateClientPartner::ParseServerData
2023-09-25 09:43:17 -  - exec CUpdateClientPartner::SearchModulesEx
2023-09-25 09:43:17 -  - exec CUpdateClientPartner::__CollectRequestData
2023-09-25 09:43:17 -  - utf=Y&lang=ru&stable=Y&CANGZIP=Y&SUPD_DBS=MYSQL&XE=N&CLIENT_SITE=btx.karaev&LICENSE_KEY=X&SUPD_STS=1&SUPD_URS=1&TYPENC=D&CLIENT_PHPVER=8.1.20&NGINX=Y&dbv=5.7.43&instm=main%2C23.300.100%2CY%3Brest%2C23.100.0%2CN%3Bblog%2C22.0.0%2CN%3Biblock%2C23.100.0%2CN%3Bforum%2C23.0.0%2CN%3Bsocialservices%2C22.200.400%2CN%3Bworkflow%2C21.0.0%2CN%3Bsearch%2C22.100.0%2CN%3Bconversion%2C22.0.0%2CN%3Bsale%2C23.200.0%2CN%3Bidea%2C21.0.0%2CN%3Bfileman%2C22.300.0%2CN%3Bcatalog%2C23.100.0%2CN%3Bform%2C22.0.0%2CN%3Bvote%2C23.0.0%2CN%3Bcurrency%2C22.500.0%2CN%3Bbitrix.sitecommunity%2C15.5.0%2CN%3Bwebservice%2C21.0.0%2CN%3Bwiki%2C23.0.0%2CN%3Bcalendar%2C23.200.100%2CN%3Bbitrix.eshop%2C22.100.0%2CN%3Blocation%2C23.0.0%2CN%3Bbitrix.siteinfoportal%2C15.5.0%2CN%3Bsupport%2C23.0.0%2CN%3Bsecurity%2C21.300.0%2CN%3Bb24connector%2C22.0.0%2CN%3Bphotogallery%2C22.0.200%2CN%3Breport%2C23.0.0%2CN%3Bim%2C23.400.0%2CN%3Bmobileapp%2C23.0.0%2CN%3Blists%2C23.100.0%2CN%3Bperfmon%2C21.0.0%2CN%3Blanding%2C23.600.100%2CN%3Bpull%2C23.100.0%2CN%3Bmail%2C22.800.100%2CN%3Bstoreassist%2C21.0.0%2CN%3Blearning%2C22.0.0%2CN%3Babtest%2C21.0.0%2CN%3Bscale%2C21.0.0%2CN%3Bsubscribe%2C21.0.0%2CN%3Bhighloadblock%2C22.200.0%2CN%3Bseo%2C23.200.0%2CN%3Bmessageservice%2C23.0.0%2CN%3Bnsandrey.emptyinstall%2C1.0.5%2CN%3Bstatistic%2C22.0.0%2CN%3Bbitrixcloud%2C22.100.0%2CN%3Bsocialnetwork%2C23.100.0%2CN%3Bbitrix.sitecorporate%2C15.5.0%2CN%3Bui%2C22.1600.0%2CN%3Bsender%2C23.0.0%2CN%3Bbitrix.sitepersonal%2C15.5.0%2CN%3Bbizprocdesigner%2C23.100.0%2CN%3Badvertising%2C21.100.0%2CN%3Bbizproc%2C23.200.100%2CN%3Bclouds%2C23.0.0%2CN%3Btranslate%2C23.200.0%2CN&search_module_id=&search_module=&search_category=7%2C14&search_type=&search_order=DESC&search_order_by=SORT&search_page=1&SUPD_SRS=RU&SUPD_CMP=N
2023-09-25 09:43:17 -  - exec CUpdateClientPartner::GetHTTPPage
2023-09-25 09:43:18 -  - TIME SearchModulesEx(request) 0.492 sec
2023-09-25 09:43:18 -  - exec CUpdateClientPartner::ParseServerData
2023-09-25 09:43:19 -  - exec CUpdateClientPartner::SearchModulesEx
2023-09-25 09:43:19 -  - exec CUpdateClientPartner::__CollectRequestData
2023-09-25 09:43:19 -  - utf=Y&lang=ru&stable=Y&CANGZIP=Y&SUPD_DBS=MYSQL&XE=N&CLIENT_SITE=btx.karaev&LICENSE_KEY=X&SUPD_STS=1&SUPD_URS=1&TYPENC=D&CLIENT_PHPVER=8.1.20&NGINX=Y&dbv=5.7.43&instm=main%2C23.300.100%2CY%3Brest%2C23.100.0%2CN%3Bblog%2C22.0.0%2CN%3Biblock%2C23.100.0%2CN%3Bforum%2C23.0.0%2CN%3Bsocialservices%2C22.200.400%2CN%3Bworkflow%2C21.0.0%2CN%3Bsearch%2C22.100.0%2CN%3Bconversion%2C22.0.0%2CN%3Bsale%2C23.200.0%2CN%3Bidea%2C21.0.0%2CN%3Bfileman%2C22.300.0%2CN%3Bcatalog%2C23.100.0%2CN%3Bform%2C22.0.0%2CN%3Bvote%2C23.0.0%2CN%3Bcurrency%2C22.500.0%2CN%3Bbitrix.sitecommunity%2C15.5.0%2CN%3Bwebservice%2C21.0.0%2CN%3Bwiki%2C23.0.0%2CN%3Bcalendar%2C23.200.100%2CN%3Bbitrix.eshop%2C22.100.0%2CN%3Blocation%2C23.0.0%2CN%3Bbitrix.siteinfoportal%2C15.5.0%2CN%3Bsupport%2C23.0.0%2CN%3Bsecurity%2C21.300.0%2CN%3Bb24connector%2C22.0.0%2CN%3Bphotogallery%2C22.0.200%2CN%3Breport%2C23.0.0%2CN%3Bim%2C23.400.0%2CN%3Bmobileapp%2C23.0.0%2CN%3Blists%2C23.100.0%2CN%3Bperfmon%2C21.0.0%2CN%3Blanding%2C23.600.100%2CN%3Bpull%2C23.100.0%2CN%3Bmail%2C22.800.100%2CN%3Bstoreassist%2C21.0.0%2CN%3Blearning%2C22.0.0%2CN%3Babtest%2C21.0.0%2CN%3Bscale%2C21.0.0%2CN%3Bsubscribe%2C21.0.0%2CN%3Bhighloadblock%2C22.200.0%2CN%3Bseo%2C23.200.0%2CN%3Bmessageservice%2C23.0.0%2CN%3Bnsandrey.emptyinstall%2C1.0.5%2CN%3Bstatistic%2C22.0.0%2CN%3Bbitrixcloud%2C22.100.0%2CN%3Bsocialnetwork%2C23.100.0%2CN%3Bbitrix.sitecorporate%2C15.5.0%2CN%3Bui%2C22.1600.0%2CN%3Bsender%2C23.0.0%2CN%3Bbitrix.sitepersonal%2C15.5.0%2CN%3Bbizprocdesigner%2C23.100.0%2CN%3Badvertising%2C21.100.0%2CN%3Bbizproc%2C23.200.100%2CN%3Bclouds%2C23.0.0%2CN%3Btranslate%2C23.200.0%2CN&search_module_id=&search_module=&search_category=7%2C14&search_type=&search_order=DESC&search_order_by=SORT&search_page=1&SUPD_SRS=RU&SUPD_CMP=N
2023-09-25 09:43:19 -  - exec CUpdateClientPartner::GetHTTPPage
2023-09-25 09:43:19 -  - TIME SearchModulesEx(request) 0.553 sec
2023-09-25 09:43:19 -  - exec CUpdateClientPartner::ParseServerData
2023-09-25 09:43:20 -  - exec CUpdateClientPartner::SearchModulesEx
2023-09-25 09:43:20 -  - exec CUpdateClientPartner::__CollectRequestData
2023-09-25 09:43:20 -  - utf=Y&lang=ru&stable=Y&CANGZIP=Y&SUPD_DBS=MYSQL&XE=N&CLIENT_SITE=btx.karaev&LICENSE_KEY=X&SUPD_STS=1&SUPD_URS=1&TYPENC=D&CLIENT_PHPVER=8.1.20&NGINX=Y&dbv=5.7.43&instm=main%2C23.300.100%2CY%3Brest%2C23.100.0%2CN%3Bblog%2C22.0.0%2CN%3Biblock%2C23.100.0%2CN%3Bforum%2C23.0.0%2CN%3Bsocialservices%2C22.200.400%2CN%3Bworkflow%2C21.0.0%2CN%3Bsearch%2C22.100.0%2CN%3Bconversion%2C22.0.0%2CN%3Bsale%2C23.200.0%2CN%3Bidea%2C21.0.0%2CN%3Bfileman%2C22.300.0%2CN%3Bcatalog%2C23.100.0%2CN%3Bform%2C22.0.0%2CN%3Bvote%2C23.0.0%2CN%3Bcurrency%2C22.500.0%2CN%3Bbitrix.sitecommunity%2C15.5.0%2CN%3Bwebservice%2C21.0.0%2CN%3Bwiki%2C23.0.0%2CN%3Bcalendar%2C23.200.100%2CN%3Bbitrix.eshop%2C22.100.0%2CN%3Blocation%2C23.0.0%2CN%3Bbitrix.siteinfoportal%2C15.5.0%2CN%3Bsupport%2C23.0.0%2CN%3Bsecurity%2C21.300.0%2CN%3Bb24connector%2C22.0.0%2CN%3Bphotogallery%2C22.0.200%2CN%3Breport%2C23.0.0%2CN%3Bim%2C23.400.0%2CN%3Bmobileapp%2C23.0.0%2CN%3Blists%2C23.100.0%2CN%3Bperfmon%2C21.0.0%2CN%3Blanding%2C23.600.100%2CN%3Bpull%2C23.100.0%2CN%3Bmail%2C22.800.100%2CN%3Bstoreassist%2C21.0.0%2CN%3Blearning%2C22.0.0%2CN%3Babtest%2C21.0.0%2CN%3Bscale%2C21.0.0%2CN%3Bsubscribe%2C21.0.0%2CN%3Bhighloadblock%2C22.200.0%2CN%3Bseo%2C23.200.0%2CN%3Bmessageservice%2C23.0.0%2CN%3Bnsandrey.emptyinstall%2C1.0.5%2CN%3Bstatistic%2C22.0.0%2CN%3Bbitrixcloud%2C22.100.0%2CN%3Bsocialnetwork%2C23.100.0%2CN%3Bbitrix.sitecorporate%2C15.5.0%2CN%3Bui%2C22.1600.0%2CN%3Bsender%2C23.0.0%2CN%3Bbitrix.sitepersonal%2C15.5.0%2CN%3Bbizprocdesigner%2C23.100.0%2CN%3Badvertising%2C21.100.0%2CN%3Bbizproc%2C23.200.100%2CN%3Bclouds%2C23.0.0%2CN%3Btranslate%2C23.200.0%2CN&search_module_id=&search_module=&search_category=7%2C14&search_type=&search_order=DESC&search_order_by=SORT&search_page=1&SUPD_SRS=RU&SUPD_CMP=N
2023-09-25 09:43:20 -  - exec CUpdateClientPartner::GetHTTPPage
2023-09-25 09:43:21 -  - TIME SearchModulesEx(request) 0.608 sec
2023-09-25 09:43:21 -  - exec CUpdateClientPartner::ParseServerData
2023-09-25 09:43:21 -  - exec CUpdateClientPartner::SearchModulesEx
2023-09-25 09:43:21 -  - exec CUpdateClientPartner::__CollectRequestData
2023-09-25 09:43:21 -  - utf=Y&lang=ru&stable=Y&CANGZIP=Y&SUPD_DBS=MYSQL&XE=N&CLIENT_SITE=btx.karaev&LICENSE_KEY=X&SUPD_STS=1&SUPD_URS=1&TYPENC=D&CLIENT_PHPVER=8.1.20&NGINX=Y&dbv=5.7.43&instm=main%2C23.300.100%2CY%3Brest%2C23.100.0%2CN%3Bblog%2C22.0.0%2CN%3Biblock%2C23.100.0%2CN%3Bforum%2C23.0.0%2CN%3Bsocialservices%2C22.200.400%2CN%3Bworkflow%2C21.0.0%2CN%3Bsearch%2C22.100.0%2CN%3Bconversion%2C22.0.0%2CN%3Bsale%2C23.200.0%2CN%3Bidea%2C21.0.0%2CN%3Bfileman%2C22.300.0%2CN%3Bcatalog%2C23.100.0%2CN%3Bform%2C22.0.0%2CN%3Bvote%2C23.0.0%2CN%3Bcurrency%2C22.500.0%2CN%3Bbitrix.sitecommunity%2C15.5.0%2CN%3Bwebservice%2C21.0.0%2CN%3Bwiki%2C23.0.0%2CN%3Bcalendar%2C23.200.100%2CN%3Bbitrix.eshop%2C22.100.0%2CN%3Blocation%2C23.0.0%2CN%3Bbitrix.siteinfoportal%2C15.5.0%2CN%3Bsupport%2C23.0.0%2CN%3Bsecurity%2C21.300.0%2CN%3Bb24connector%2C22.0.0%2CN%3Bphotogallery%2C22.0.200%2CN%3Breport%2C23.0.0%2CN%3Bim%2C23.400.0%2CN%3Bmobileapp%2C23.0.0%2CN%3Blists%2C23.100.0%2CN%3Bperfmon%2C21.0.0%2CN%3Blanding%2C23.600.100%2CN%3Bpull%2C23.100.0%2CN%3Bmail%2C22.800.100%2CN%3Bstoreassist%2C21.0.0%2CN%3Blearning%2C22.0.0%2CN%3Babtest%2C21.0.0%2CN%3Bscale%2C21.0.0%2CN%3Bsubscribe%2C21.0.0%2CN%3Bhighloadblock%2C22.200.0%2CN%3Bseo%2C23.200.0%2CN%3Bmessageservice%2C23.0.0%2CN%3Bnsandrey.emptyinstall%2C1.0.5%2CN%3Bstatistic%2C22.0.0%2CN%3Bbitrixcloud%2C22.100.0%2CN%3Bsocialnetwork%2C23.100.0%2CN%3Bbitrix.sitecorporate%2C15.5.0%2CN%3Bui%2C22.1600.0%2CN%3Bsender%2C23.0.0%2CN%3Bbitrix.sitepersonal%2C15.5.0%2CN%3Bbizprocdesigner%2C23.100.0%2CN%3Badvertising%2C21.100.0%2CN%3Bbizproc%2C23.200.100%2CN%3Bclouds%2C23.0.0%2CN%3Btranslate%2C23.200.0%2CN&search_module_id=&search_module=&search_category=7%2C14&search_type=&search_order=DESC&search_order_by=SORT&search_page=1&SUPD_SRS=RU&SUPD_CMP=N
2023-09-25 09:43:21 -  - exec CUpdateClientPartner::GetHTTPPage
2023-09-25 09:43:22 -  - TIME SearchModulesEx(request) 0.479 sec
2023-09-25 09:43:22 -  - exec CUpdateClientPartner::ParseServerData
